log: unrecognized option `--device'
usage: log stream [options]
   or: log stream [options] --process <pid> | <process>
   or: log stream [options] --user <uid> | <user> 

description:
    Stream events from the system or a given process.

options:
    --[no-]backtrace                Control whether backtraces are shown
    --color <mode>                  Control color output (valid: auto, always, none)
    --level default | info | debug  Include events at, and below, the given level
    --predicate <predicate>         Filter events using the given predicate
    --process <pid> | <process>     Stream events from the specified process
    --user <uid> | <user>           Stream events from the specified user
    --source                        Annotate output with source file and line-number
    --style <style>                 Output format (valid: default, syslog, json, ndjson, compact)
    --timeout <num>[m|h|d]          Terminate streaming after timeout has elapsed
    --type activity | log | trace   Limit streaming to a given event type
    --mach-continuous-time          Print mach continuous time timestamps rather than walltime
    --unreliable                    Annotate output with whether the log was emitted unreliably
    --ignore-dropped                Don't output anything for dropped messages while streaming

predicate usage:
    Filter predicates follow the NSPredicate format described at:
    https://developer.apple.com/library/content/documentation/Cocoa/Conceptual/Predicates/AdditionalChapters/Introduction.html

    For predicate field/type details, see `log help predicates`.

